<?xml version="1.0" encoding="UTF-8" ?>
<testsuite tests="9" failures="0" name="runner.Testrunner" time="75.717" errors="0" skipped="0">
  <properties>
    <property name="idea.version" value="2023.2.1"/>
    <property name="java.runtime.name" value="Java(TM) SE Runtime Environment"/>
    <property name="java.vm.version" value="17.0.11+7-LTS-207"/>
    <property name="sun.boot.library.path" value="C:\Program Files\Java\jdk-17\bin"/>
    <property name="maven.multiModuleProjectDirectory" value="C:\Users\Lenovo\Documents\repository\test-hotel-booking-service"/>
    <property name="java.vm.vendor" value="Oracle Corporation"/>
    <property name="java.vendor.url" value="https://java.oracle.com/"/>
    <property name="guice.disable.misplaced.annotation.check" value="true"/>
    <property name="path.separator" value=";"/>
    <property name="java.vm.name" value="Java HotSpot(TM) 64-Bit Server VM"/>
    <property name="sun.os.patch.level" value=""/>
    <property name="user.script" value=""/>
    <property name="user.country" value="IN"/>
    <property name="sun.java.launcher" value="SUN_STANDARD"/>
    <property name="java.vm.specification.name" value="Java Virtual Machine Specification"/>
    <property name="user.dir" value="C:\Users\Lenovo\Documents\repository\test-hotel-booking-service"/>
    <property name="java.vm.compressedOopsMode" value="32-bit"/>
    <property name="java.runtime.version" value="17.0.11+7-LTS-207"/>
    <property name="os.arch" value="amd64"/>
    <property name="java.io.tmpdir" value="C:\Users\Lenovo\AppData\Local\Temp\"/>
    <property name="line.separator" value="
"/>
    <property name="java.vm.specification.vendor" value="Oracle Corporation"/>
    <property name="user.variant" value=""/>
    <property name="os.name" value="Windows 11"/>
    <property name="maven.ext.class.path" value="C:\Program Files\JetBrains\IntelliJ IDEA Community Edition 2023.2.1\plugins\maven\lib\maven-event-listener.jar"/>
    <property name="classworlds.conf" value="C:\Users\Lenovo\Documents\apache-maven-3.8.6\bin\m2.conf"/>
    <property name="sun.jnu.encoding" value="Cp1252"/>
    <property name="java.library.path" value="C:\Program Files\Java\jdk-17\bin;C:\WINDOWS\Sun\Java\bin;C:\WINDOWS\system32;C:\WINDOWS;C:\Program Files\Common Files\Oracle\Java\javapath;C:\Program Files (x86)\Common Files\Oracle\Java\javapath;C:\WINDOWS\system32;C:\WINDOWS;C:\WINDOWS\System32\Wbem;C:\WINDOWS\System32\WindowsPowerShell\v1.0\;C:\WINDOWS\System32\OpenSSH\;C:\Program Files\Java\jdk-11.0.16.1\bin;C:\Users\Lenovo\Documents\apache-maven-3.8.6\bin;C:\Program Files\Git\cmd;C:\Users\Lenovo\Desktop\ES\elasticsearch-8.11.0-windows-x86_64\elasticsearch-8.11.0\bin;C:\Users\Lenovo\Downloads\apache-cassandra-4.0.11-bin\apache-cassandra-4.0.11\bin;C:\Program Files\MySQL\MySQL Shell 8.0\bin\;C:\Users\Lenovo\AppData\Local\Microsoft\WindowsApps;C:\Users\Lenovo\Documents\apache-maven-3.8.6\bin;C:\Program Files\Java\jdk-11.0.16.1\bin;C:\Program Files\JetBrains\PyCharm Community Edition 2022.3.1\bin;;C:\Users\Lenovo\Desktop\ES\elasticsearch-8.11.0-windows-x86_64\elasticsearch-8.11.0\bin;C:\Users\Lenovo\Downloads\apache-cassandra-4.0.11-bin\apache-cassandra-4.0.11\bin;;."/>
    <property name="jansi.passthrough" value="true"/>
    <property name="maven.conf" value="C:\Users\Lenovo\Documents\apache-maven-3.8.6/conf"/>
    <property name="jdk.debug" value="release"/>
    <property name="java.class.version" value="61.0"/>
    <property name="java.specification.name" value="Java Platform API Specification"/>
    <property name="sun.management.compiler" value="HotSpot 64-Bit Tiered Compilers"/>
    <property name="os.version" value="10.0"/>
    <property name="user.home" value="C:\Users\Lenovo"/>
    <property name="user.timezone" value="Asia/Calcutta"/>
    <property name="file.encoding" value="UTF-8"/>
    <property name="java.specification.version" value="17"/>
    <property name="user.name" value="Lenovo"/>
    <property name="java.class.path" value="C:\Users\Lenovo\Documents\apache-maven-3.8.6\boot\plexus-classworlds-2.6.0.jar;C:\Users\Lenovo\Documents\apache-maven-3.8.6\boot\plexus-classworlds.license"/>
    <property name="java.vm.specification.version" value="17"/>
    <property name="sun.arch.data.model" value="64"/>
    <property name="sun.java.command" value="org.codehaus.classworlds.Launcher -Didea.version=2023.2.1 install"/>
    <property name="java.home" value="C:\Program Files\Java\jdk-17"/>
    <property name="user.language" value="en"/>
    <property name="java.specification.vendor" value="Oracle Corporation"/>
    <property name="java.vm.info" value="mixed mode, sharing"/>
    <property name="java.version" value="17.0.11"/>
    <property name="native.encoding" value="Cp1252"/>
    <property name="java.vendor" value="Oracle Corporation"/>
    <property name="maven.home" value="C:\Users\Lenovo\Documents\apache-maven-3.8.6"/>
    <property name="file.separator" value="\"/>
    <property name="java.version.date" value="2024-04-16"/>
    <property name="java.vendor.url.bug" value="https://bugreport.java.com/bugreport/"/>
    <property name="sun.io.unicode.encoding" value="UnicodeLittle"/>
    <property name="sun.cpu.endian" value="little"/>
    <property name="sun.cpu.isalist" value="amd64"/>
  </properties>
  <testcase classname="update Booking API #1" name="Test to verify PATCH partial update booking works fine" time="13.816"/>
  <testcase classname="update Booking API #2" name="Test to verify PUT update booking API works fine" time="10.208"/>
  <testcase classname="Create Booking API" name="Test to verify create Booking API works fine" time="6.853"/>
  <testcase classname="Create Booking API" name="Test to verify create Booking API works fine with data created at run time" time="6.665"/>
  <testcase classname="Delete Booking API" name="Test to verify delete booking API works fine" time="6.752"/>
  <testcase classname="Delete Booking API" name="Test to verify delete booking API for non existing Booking ID" time="10.955"/>
  <testcase classname="Get bookingAPI" name="Test to verify get booking by id works fine" time="8.287"/>
  <testcase classname="Get bookings" name="Test to verify get bookings all ids" time="3.788"/>
  <testcase classname="Get bookings" name="Test to verify get bookings" time="8.393"/>
</testsuite>